<?xml version="1.0" encoding="UTF-8"?>
<robot generator="Robot 7.1.1 (Python 3.9.6 on darwin)" generated="2025-02-10T12:49:20.524747" rpa="false" schemaversion="5">
<suite id="s1" name="test windowHandled" source="/Users/sebastianquintero/Documents/Repos/Automation/Robot/Course/robot-framework-project/test_windowHandled.robot">
<test id="s1-t1" name="Registration form window handled test" line="13">
<kw name="Filling Registration Form" owner="commons">
<kw name="Launching browser" owner="commons">
<kw name="Open Browser" owner="SeleniumLibrary">
<msg time="2025-02-10T12:49:20.674019" level="INFO">Opening browser 'chrome' to base url 'https://www.way2automation.com/way2auto_jquery/index.php'.</msg>
<arg>${urls}</arg>
<arg>${browserName}</arg>
<doc>Opens a new browser instance to the optional ``url``.</doc>
<status status="PASS" start="2025-02-10T12:49:20.673832" elapsed="9.791483"/>
</kw>
<kw name="Maximize Browser Window" owner="SeleniumLibrary">
<doc>Maximizes current browser window.</doc>
<status status="PASS" start="2025-02-10T12:49:30.466823" elapsed="0.378580"/>
</kw>
<arg>${registrationForm}</arg>
<arg>chrome</arg>
<status status="PASS" start="2025-02-10T12:49:20.673289" elapsed="10.172361"/>
</kw>
<kw name="Maximize Browser Window" owner="SeleniumLibrary">
<doc>Maximizes current browser window.</doc>
<status status="PASS" start="2025-02-10T12:49:30.845831" elapsed="0.001526"/>
</kw>
<kw name="Input Text" owner="SeleniumLibrary">
<msg time="2025-02-10T12:49:30.848044" level="INFO">Typing text 'test automation' into text field 'name:name'.</msg>
<arg>${name}</arg>
<arg>test automation</arg>
<doc>Types the given ``text`` into the text field identified by ``locator``.</doc>
<status status="PASS" start="2025-02-10T12:49:30.847476" elapsed="0.135327"/>
</kw>
<kw name="Input Text" owner="SeleniumLibrary">
<msg time="2025-02-10T12:49:30.983646" level="INFO">Typing text '1123123021' into text field 'name:phone'.</msg>
<arg>${phone}</arg>
<arg>1123123021</arg>
<doc>Types the given ``text`` into the text field identified by ``locator``.</doc>
<status status="PASS" start="2025-02-10T12:49:30.983340" elapsed="0.042349"/>
</kw>
<kw name="Input Text" owner="SeleniumLibrary">
<msg time="2025-02-10T12:49:31.026001" level="INFO">Typing text 'test@automation.ts' into text field 'name:email'.</msg>
<arg>${email}</arg>
<arg>test@automation.ts</arg>
<doc>Types the given ``text`` into the text field identified by ``locator``.</doc>
<status status="PASS" start="2025-02-10T12:49:31.025832" elapsed="0.038839"/>
</kw>
<kw name="Select From List By Label" owner="SeleniumLibrary">
<msg time="2025-02-10T12:49:31.065013" level="INFO">Selecting options from selection list 'name:country' by label Iceland.</msg>
<arg>${country}</arg>
<arg>Iceland</arg>
<doc>Selects options from selection list ``locator`` by ``labels``.</doc>
<status status="PASS" start="2025-02-10T12:49:31.064831" elapsed="0.044878"/>
</kw>
<kw name="Input Text" owner="SeleniumLibrary">
<msg time="2025-02-10T12:49:31.110069" level="INFO">Typing text 'Bogota' into text field 'name:city'.</msg>
<arg>${city}</arg>
<arg>Bogota</arg>
<doc>Types the given ``text`` into the text field identified by ``locator``.</doc>
<status status="PASS" start="2025-02-10T12:49:31.109883" elapsed="0.037239"/>
</kw>
<kw name="Input Text" owner="SeleniumLibrary">
<msg time="2025-02-10T12:49:31.147435" level="INFO">Typing text 'testaut' into text field 'xpath:(//*[@name="username"])[2]'.</msg>
<arg>${username}</arg>
<arg>testaut</arg>
<doc>Types the given ``text`` into the text field identified by ``locator``.</doc>
<status status="PASS" start="2025-02-10T12:49:31.147269" elapsed="0.030973"/>
</kw>
<kw name="Input Text" owner="SeleniumLibrary">
<msg time="2025-02-10T12:49:31.178604" level="INFO">Typing text 'Pass123*' into text field 'xpath:(//*[@name="password"])[2]'.</msg>
<arg>${password}</arg>
<arg>Pass123*</arg>
<doc>Types the given ``text`` into the text field identified by ``locator``.</doc>
<status status="PASS" start="2025-02-10T12:49:31.178389" elapsed="0.044611"/>
</kw>
<status status="PASS" start="2025-02-10T12:49:20.673048" elapsed="10.550083"/>
</kw>
<kw name="Click Link" owner="SeleniumLibrary">
<msg time="2025-02-10T12:49:31.223773" level="INFO">Clicking link 'link: ENTER TO THE TESTING WEBSITE'.</msg>
<arg>link: ENTER TO THE TESTING WEBSITE</arg>
<doc>Clicks a link identified by ``locator``.</doc>
<status status="PASS" start="2025-02-10T12:49:31.223368" elapsed="2.049770"/>
</kw>
<kw name="Click Element" owner="SeleniumLibrary">
<msg time="2025-02-10T12:49:33.274545" level="INFO">Clicking element 'xpath://*[@href="registration.php"]'.</msg>
<arg>xpath://*[@href="registration.php"]</arg>
<doc>Click the element identified by ``locator``.</doc>
<status status="PASS" start="2025-02-10T12:49:33.273456" elapsed="0.074710"/>
</kw>
<kw name="Get Window Handles" owner="SeleniumLibrary">
<msg time="2025-02-10T12:49:33.354824" level="INFO">@{windowHandles} = [ F8C9E2BD77BEB039F71D06D06F96DFC0 | 2946E759B503E9703DC480678D12ACC6 ]</msg>
<var>@{windowHandles}</var>
<doc>Returns all child window handles of the selected browser as a list.</doc>
<status status="PASS" start="2025-02-10T12:49:33.348371" elapsed="0.006485"/>
</kw>
<kw name="Switch Window" owner="SeleniumLibrary">
<arg>${windowHandles}[1]</arg>
<doc>Switches to browser window matching ``locator``.</doc>
<status status="PASS" start="2025-02-10T12:49:33.355035" elapsed="0.020995"/>
</kw>
<kw name="Wait Until Element Is Visible" owner="SeleniumLibrary">
<arg>xpath:(//*[@name="name"])[1]</arg>
<doc>Waits until the element ``locator`` is visible.</doc>
<status status="PASS" start="2025-02-10T12:49:33.376263" elapsed="0.930471"/>
</kw>
<kw name="Input Text" owner="SeleniumLibrary">
<msg time="2025-02-10T12:49:34.307170" level="INFO">Typing text 'Test' into text field 'xpath:(//*[@name="name"])[1]'.</msg>
<arg>xpath:(//*[@name="name"])[1]</arg>
<arg>Test</arg>
<doc>Types the given ``text`` into the text field identified by ``locator``.</doc>
<status status="PASS" start="2025-02-10T12:49:34.306932" elapsed="0.052211"/>
</kw>
<kw name="Input Text" owner="SeleniumLibrary">
<msg time="2025-02-10T12:49:34.359496" level="INFO">Typing text 'Automation' into text field 'xpath:(//*[@type="text"])[1]'.</msg>
<arg>xpath:(//*[@type="text"])[1]</arg>
<arg>Automation</arg>
<doc>Types the given ``text`` into the text field identified by ``locator``.</doc>
<status status="PASS" start="2025-02-10T12:49:34.359338" elapsed="0.416335"/>
</kw>
<kw name="Click Element" owner="SeleniumLibrary">
<msg time="2025-02-10T12:49:34.776116" level="INFO">Clicking element 'xpath:(//*[@type="radio"])[1]'.</msg>
<arg>xpath:(//*[@type="radio"])[1]</arg>
<doc>Click the element identified by ``locator``.</doc>
<status status="PASS" start="2025-02-10T12:49:34.775932" elapsed="0.039404"/>
</kw>
<kw name="Select Checkbox" owner="SeleniumLibrary">
<msg time="2025-02-10T12:49:34.815687" level="INFO">Selecting checkbox 'name:hobby'.</msg>
<arg>name:hobby</arg>
<doc>Selects the checkbox identified by ``locator``.</doc>
<status status="PASS" start="2025-02-10T12:49:34.815527" elapsed="0.044867"/>
</kw>
<kw name="Select From List By Label" owner="SeleniumLibrary">
<msg time="2025-02-10T12:49:34.860742" level="INFO">Selecting options from selection list 'xpath:(//select[@name])[1]' by label India.</msg>
<arg>xpath:(//select[@name])[1]</arg>
<arg>India</arg>
<doc>Selects options from selection list ``locator`` by ``labels``.</doc>
<status status="PASS" start="2025-02-10T12:49:34.860586" elapsed="0.018407"/>
</kw>
<kw name="Select From List By Label" owner="SeleniumLibrary">
<msg time="2025-02-10T12:49:34.879335" level="INFO">Selecting options from selection list 'xpath:(//select[@name])[2]' by label 1.</msg>
<arg>xpath:(//select[@name])[2]</arg>
<arg>1</arg>
<doc>Selects options from selection list ``locator`` by ``labels``.</doc>
<status status="PASS" start="2025-02-10T12:49:34.879181" elapsed="0.035938"/>
</kw>
<kw name="Select From List By Label" owner="SeleniumLibrary">
<msg time="2025-02-10T12:49:34.915482" level="INFO">Selecting options from selection list 'xpath:(//select[@name])[3]' by label 1.</msg>
<arg>xpath:(//select[@name])[3]</arg>
<arg>1</arg>
<doc>Selects options from selection list ``locator`` by ``labels``.</doc>
<status status="PASS" start="2025-02-10T12:49:34.915311" elapsed="0.027412"/>
</kw>
<kw name="Select From List By Label" owner="SeleniumLibrary">
<msg time="2025-02-10T12:49:34.943187" level="INFO">Selecting options from selection list 'xpath:(//select[@name])[4]' by label 2014.</msg>
<arg>xpath:(//select[@name])[4]</arg>
<arg>2014</arg>
<doc>Selects options from selection list ``locator`` by ``labels``.</doc>
<status status="PASS" start="2025-02-10T12:49:34.943018" elapsed="0.028965"/>
</kw>
<kw name="Input Text" owner="SeleniumLibrary">
<msg time="2025-02-10T12:49:34.972337" level="INFO">Typing text '0987654321' into text field 'name:phone'.</msg>
<arg>name:phone</arg>
<arg>0987654321</arg>
<doc>Types the given ``text`` into the text field identified by ``locator``.</doc>
<status status="PASS" start="2025-02-10T12:49:34.972177" elapsed="0.043018"/>
</kw>
<kw name="Input Text" owner="SeleniumLibrary">
<msg time="2025-02-10T12:49:35.015524" level="INFO">Typing text 'testaut' into text field 'name:username'.</msg>
<arg>name:username</arg>
<arg>testaut</arg>
<doc>Types the given ``text`` into the text field identified by ``locator``.</doc>
<status status="PASS" start="2025-02-10T12:49:35.015377" elapsed="0.042876"/>
</kw>
<kw name="Input Text" owner="SeleniumLibrary">
<msg time="2025-02-10T12:49:35.058645" level="INFO">Typing text 'test@automation.ts' into text field 'name:email'.</msg>
<arg>${email}</arg>
<arg>test@automation.ts</arg>
<doc>Types the given ``text`` into the text field identified by ``locator``.</doc>
<status status="PASS" start="2025-02-10T12:49:35.058465" elapsed="0.052521"/>
</kw>
<kw name="Choose File" owner="SeleniumLibrary">
<msg time="2025-02-10T12:49:35.111351" level="INFO">Sending /Users/sebastianquintero/Documents/Repos/Automation/Robot/Course/robot-framework-project/Resources/img/pluxee-img.png to browser.</msg>
<arg>xpath://*[@type="file"]</arg>
<arg>/Users/sebastianquintero/Documents/Repos/Automation/Robot/Course/robot-framework-project/Resources/img/pluxee-img.png</arg>
<doc>Inputs the ``file_path`` into the file input field ``locator``.</doc>
<status status="PASS" start="2025-02-10T12:49:35.111189" elapsed="0.020893"/>
</kw>
<kw name="Input Text" owner="SeleniumLibrary">
<msg time="2025-02-10T12:49:35.132476" level="INFO">Typing text 'I'm learning robot' into text field 'xpath://textarea[@name]'.</msg>
<arg>xpath://textarea[@name]</arg>
<arg>I'm learning robot</arg>
<doc>Types the given ``text`` into the text field identified by ``locator``.</doc>
<status status="PASS" start="2025-02-10T12:49:35.132300" elapsed="0.040940"/>
</kw>
<kw name="Input Text" owner="SeleniumLibrary">
<msg time="2025-02-10T12:49:35.173591" level="INFO">Typing text 'Pass123*' into text field 'name:password'.</msg>
<arg>name:password</arg>
<arg>Pass123*</arg>
<doc>Types the given ``text`` into the text field identified by ``locator``.</doc>
<status status="PASS" start="2025-02-10T12:49:35.173430" elapsed="0.041348"/>
</kw>
<kw name="Input Text" owner="SeleniumLibrary">
<msg time="2025-02-10T12:49:35.215104" level="INFO">Typing text 'Pass123*' into text field 'name:c_password'.</msg>
<arg>name:c_password</arg>
<arg>Pass123*</arg>
<doc>Types the given ``text`` into the text field identified by ``locator``.</doc>
<status status="PASS" start="2025-02-10T12:49:35.214957" elapsed="0.032269"/>
</kw>
<status status="PASS" start="2025-02-10T12:49:20.672594" elapsed="14.574828"/>
</test>
<status status="PASS" start="2025-02-10T12:49:20.525520" elapsed="14.722265"/>
</suite>
<statistics>
<total>
<stat pass="1" fail="0" skip="0">All Tests</stat>
</total>
<tag>
</tag>
<suite>
<stat pass="1" fail="0" skip="0" id="s1" name="test windowHandled">test windowHandled</stat>
</suite>
</statistics>
<errors>
</errors>
</robot>
